0 info it worked if it ends with ok
1 verbose cli [ '/usr/local/Cellar/node/0.10.24/bin/node',
1 verbose cli   '/usr/local/bin/npm',
1 verbose cli   'install',
1 verbose cli   '-g',
1 verbose cli   'gnupg' ]
2 info using npm@1.3.21
3 info using node@v0.10.24
4 verbose cache add [ 'gnupg', null ]
5 verbose cache add name=undefined spec="gnupg" args=["gnupg",null]
6 verbose parsed url { protocol: null,
6 verbose parsed url   slashes: null,
6 verbose parsed url   auth: null,
6 verbose parsed url   host: null,
6 verbose parsed url   port: null,
6 verbose parsed url   hostname: null,
6 verbose parsed url   hash: null,
6 verbose parsed url   search: null,
6 verbose parsed url   query: null,
6 verbose parsed url   pathname: 'gnupg',
6 verbose parsed url   path: 'gnupg',
6 verbose parsed url   href: 'gnupg' }
7 silly lockFile b3087d53-gnupg gnupg
8 verbose lock gnupg /Users/juanvallejo/.npm/b3087d53-gnupg.lock
9 silly lockFile b3087d53-gnupg gnupg
10 silly lockFile b3087d53-gnupg gnupg
11 verbose addNamed [ 'gnupg', '' ]
12 verbose addNamed [ null, '*' ]
13 silly lockFile b90b264b-gnupg gnupg@
14 verbose lock gnupg@ /Users/juanvallejo/.npm/b90b264b-gnupg.lock
15 silly addNameRange { name: 'gnupg', range: '*', hasData: false }
16 verbose url raw gnupg
17 verbose url resolving [ 'https://registry.npmjs.org/', './gnupg' ]
18 verbose url resolved https://registry.npmjs.org/gnupg
19 info trying registry request attempt 1 at 04:09:06
20 http GET https://registry.npmjs.org/gnupg
21 http 404 https://registry.npmjs.org/gnupg
22 silly registry.get cb [ 404,
22 silly registry.get   { date: 'Sun, 16 Mar 2014 08:09:07 GMT',
22 silly registry.get     server: 'CouchDB/1.5.0 (Erlang OTP/R14B04)',
22 silly registry.get     'content-type': 'application/json',
22 silly registry.get     'cache-control': 'max-age=0',
22 silly registry.get     'content-length': '52',
22 silly registry.get     'accept-ranges': 'bytes',
22 silly registry.get     via: '1.1 varnish',
22 silly registry.get     age: '0',
22 silly registry.get     'x-served-by': 'cache-v42-ASH',
22 silly registry.get     'x-cache': 'MISS',
22 silly registry.get     'x-cache-hits': '0',
22 silly registry.get     'x-timer': 'S1394957346.933764219,VS0,VE106',
22 silly registry.get     'keep-alive': 'timeout=10, max=50',
22 silly registry.get     connection: 'Keep-Alive' } ]
23 silly lockFile b90b264b-gnupg gnupg@
24 silly lockFile b90b264b-gnupg gnupg@
25 error 404 'gnupg' is not in the npm registry.
25 error 404 You should bug the author to publish it
25 error 404
25 error 404 Note that you can also install from a
25 error 404 tarball, folder, or http url, or git url.
26 error System Darwin 13.1.0
27 error command "/usr/local/Cellar/node/0.10.24/bin/node" "/usr/local/bin/npm" "install" "-g" "gnupg"
28 error cwd /Volumes/Tardis/projects/git/juanjvallejo.com/css/lib
29 error node -v v0.10.24
30 error npm -v 1.3.21
31 error code E404
32 verbose exit [ 1, true ]
